#
# There is insufficient memory for the Java Runtime Environment to continue.
# Native memory allocation (malloc) failed to allocate 9104 bytes for AllocateHeap
# Possible reasons:
#   The system is out of physical RAM or swap space
#   The process is running with CompressedOops enabled, and the Java Heap may be blocking the growth of the native heap
# Possible solutions:
#   Reduce memory load on the system
#   Increase physical memory or swap space
#   Check if swap backing store is full
#   Decrease Java heap size (-Xmx/-Xms)
#   Decrease number of Java threads
#   Decrease Java thread stack sizes (-Xss)
#   Set larger code cache with -XX:ReservedCodeCacheSize=
#   JVM is running with Unscaled Compressed Oops mode in which the Java heap is
#     placed in the first 4GB address space. The Java Heap base address is the
#     maximum limit for the native heap growth. Please use -XX:HeapBaseMinAddress
#     to set the Java Heap base and to place the Java Heap above 4GB virtual address.
# This output file may be truncated or incomplete.
#
#  Out of Memory Error (./open/src/hotspot/share/memory/allocation.cpp:46), pid=14248, tid=3472
#
# JRE version: Java(TM) SE Runtime Environment 18.9 (11.0.8+10) (build 11.0.8+10-LTS)
# Java VM: Java HotSpot(TM) 64-Bit Server VM 18.9 (11.0.8+10-LTS, mixed mode, tiered, compressed oops, g1 gc, windows-amd64)
# No core dump will be written. Minidumps are not enabled by default on client versions of Windows
#

---------------  S U M M A R Y ------------

Command Line: -agentlib:jdwp=transport=dt_socket,address=127.0.0.1:56168,suspend=y,server=n -XX:TieredStopAtLevel=1 -Xverify:none -Dspring.output.ansi.enabled=always -Dcom.sun.management.jmxremote -Dspring.jmx.enabled=true -Dspring.liveBeansView.mbeanDomain -Dspring.application.admin.enabled=true -javaagent:C:\Users\Dell\AppData\Local\JetBrains\IntelliJIdea2020.2\captureAgent\debugger-agent.jar -Dfile.encoding=UTF-8 mk.ukim.finki.finkiqa.FinkiqaApplication

Host: Intel(R) Core(TM) i5-7200U CPU @ 2.50GHz, 4 cores, 3G,  Windows 10 , 64 bit Build 19041 (10.0.19041.662)
Time: Fri Feb 26 19:34:00 2021 Central European Standard Time elapsed time: 12 seconds (0d 0h 0m 12s)

---------------  T H R E A D  ---------------

Current thread (0x000001f9f93d7000):  JavaThread "background-preinit" [_thread_in_Java, id=3472, stack(0x0000006fc2900000,0x0000006fc2a00000)]

Stack: [0x0000006fc2900000,0x0000006fc2a00000]
[error occurred during error reporting (printing stack bounds), id 0xc0000005, EXCEPTION_ACCESS_VIOLATION (0xc0000005) at pc=0x00007ffc6ca6f5ca]

Native frames: (J=compiled Java code, j=interpreted, Vv=VM code, C=native code)
V  [jvm.dll+0x601aea]
V  [jvm.dll+0x737fef]
V  [jvm.dll+0x739675]
V  [jvm.dll+0x739c55]
V  [jvm.dll+0x739c0b]
V  [jvm.dll+0x6013d3]
V  [jvm.dll+0x601798]
C  [ntdll.dll+0xa130f]
C  [ntdll.dll+0x4b5e4]
C  [ntdll.dll+0x9fe3e]
V  [jvm.dll+0x66f5ca]
C  0x000001f9e39509be

Java frames: (J=compiled Java code, j=interpreted, Vv=VM code)
v  ~DeoptimizationBlob
J 1476 c1 java.lang.ClassLoader.defineClass(Ljava/lang/String;[BIILjava/security/ProtectionDomain;)Ljava/lang/Class; java.base@11.0.8 (43 bytes) @ 0x000001f9e4245e94 [0x000001f9e4245d60+0x0000000000000134]
J 1329 c1 jdk.internal.loader.BuiltinClassLoader.defineClass(Ljava/lang/String;Ljdk/internal/loader/Resource;)Ljava/lang/Class; java.base@11.0.8 (121 bytes) @ 0x000001f9e42032b4 [0x000001f9e4202d40+0x0000000000000574]
J 1313 c1 jdk.internal.loader.BuiltinClassLoader.findClassOnClassPathOrNull(Ljava/lang/String;)Ljava/lang/Class; java.base@11.0.8 (64 bytes) @ 0x000001f9e41f9354 [0x000001f9e41f9280+0x00000000000000d4]
J 1180 c1 jdk.internal.loader.BuiltinClassLoader.loadClassOrNull(Ljava/lang/String;Z)Ljava/lang/Class; java.base@11.0.8 (143 bytes) @ 0x000001f9e41b7804 [0x000001f9e41b7300+0x0000000000000504]
J 1268 c1 jdk.internal.loader.ClassLoaders$AppClassLoader.loadClass(Ljava/lang/String;Z)Ljava/lang/Class; java.base@11.0.8 (40 bytes) @ 0x000001f9e41e2834 [0x000001f9e41e2700+0x0000000000000134]
J 1261 c1 java.lang.ClassLoader.loadClass(Ljava/lang/String;)Ljava/lang/Class; java.base@11.0.8 (7 bytes) @ 0x000001f9e41e0f1c [0x000001f9e41e0ec0+0x000000000000005c]
v  ~StubRoutines::call_stub
J 1478  java.lang.ClassLoader.defineClass1(Ljava/lang/ClassLoader;Ljava/lang/String;[BIILjava/security/ProtectionDomain;Ljava/lang/String;)Ljava/lang/Class; java.base@11.0.8 (0 bytes) @ 0x000001f9e424237b [0x000001f9e42422c0+0x00000000000000bb]
J 1476 c1 java.lang.ClassLoader.defineClass(Ljava/lang/String;[BIILjava/security/ProtectionDomain;)Ljava/lang/Class; java.base@11.0.8 (43 bytes) @ 0x000001f9e4245e94 [0x000001f9e4245d60+0x0000000000000134]
J 1329 c1 jdk.internal.loader.BuiltinClassLoader.defineClass(Ljava/lang/String;Ljdk/internal/loader/Resource;)Ljava/lang/Class; java.base@11.0.8 (121 bytes) @ 0x000001f9e42032b4 [0x000001f9e4202d40+0x0000000000000574]
J 1313 c1 jdk.internal.loader.BuiltinClassLoader.findClassOnClassPathOrNull(Ljava/lang/String;)Ljava/lang/Class; java.base@11.0.8 (64 bytes) @ 0x000001f9e41f9354 [0x000001f9e41f9280+0x00000000000000d4]
J 1180 c1 jdk.internal.loader.BuiltinClassLoader.loadClassOrNull(Ljava/lang/String;Z)Ljava/lang/Class; java.base@11.0.8 (143 bytes) @ 0x000001f9e41b7804 [0x000001f9e41b7300+0x0000000000000504]
J 1268 c1 jdk.internal.loader.ClassLoaders$AppClassLoader.loadClass(Ljava/lang/String;Z)Ljava/lang/Class; java.base@11.0.8 (40 bytes) @ 0x000001f9e41e2834 [0x000001f9e41e2700+0x0000000000000134]
J 1261 c1 java.lang.ClassLoader.loadClass(Ljava/lang/String;)Ljava/lang/Class; java.base@11.0.8 (7 bytes) @ 0x000001f9e41e0f1c [0x000001f9e41e0ec0+0x000000000000005c]
v  ~StubRoutines::call_stub
j  com.fasterxml.jackson.databind.ObjectMapper.<clinit>()V+0
v  ~StubRoutines::call_stub
j  org.springframework.http.converter.json.Jackson2ObjectMapperBuilder.build()Lcom/fasterxml/jackson/databind/ObjectMapper;+79
j  org.springframework.http.converter.json.MappingJackson2HttpMessageConverter.<init>()V+4
j  org.springframework.http.converter.support.AllEncompassingFormHttpMessageConverter.<init>()V+59
j  org.springframework.boot.autoconfigure.BackgroundPreinitializer$MessageConverterInitializer.run()V+4
j  org.springframework.boot.autoconfigure.BackgroundPreinitializer$1.runSafely(Ljava/lang/Runnable;)V+1
j  org.springframework.boot.autoconfigure.BackgroundPreinitializer$1.run()V+33
j  java.lang.Thread.run()V+11 java.base@11.0.8
v  ~StubRoutines::call_stub

---------------  P R O C E S S  ---------------

Threads class SMR info:
_java_thread_list=0x000001f9f93beec0, length=17, elements={
0x000001f9db550000, 0x000001f9f7ac8000, 0x000001f9f7acb000, 0x000001f9f7b25000,
0x000001f9f7b26000, 0x000001f9f7b29800, 0x000001f9f7b2c800, 0x000001f9f7d70000,
0x000001f9f7e09000, 0x000001f9f7e0c800, 0x000001f9f7e0d800, 0x000001f9f8408000,
0x000001f9f8599000, 0x000001f9f8717000, 0x000001f9f935c800, 0x000001f9f93d1800,
0x000001f9f93d7000
}

Java Threads: ( => current thread )
  0x000001f9db550000 JavaThread "main" [_thread_in_Java, id=1396, stack(0x0000006fc1100000,0x0000006fc1200000)]
  0x000001f9f7ac8000 JavaThread "Reference Handler" daemon [_thread_blocked, id=8520, stack(0x0000006fc1800000,0x0000006fc1900000)]
  0x000001f9f7acb000 JavaThread "Finalizer" daemon [_thread_blocked, id=15152, stack(0x0000006fc1900000,0x0000006fc1a00000)]
  0x000001f9f7b25000 JavaThread "Signal Dispatcher" daemon [_thread_blocked, id=2700, stack(0x0000006fc1a00000,0x0000006fc1b00000)]
  0x000001f9f7b26000 JavaThread "Attach Listener" daemon [_thread_blocked, id=5096, stack(0x0000006fc1b00000,0x0000006fc1c00000)]
  0x000001f9f7b29800 JavaThread "C1 CompilerThread0" daemon [_thread_blocked, id=10748, stack(0x0000006fc1c00000,0x0000006fc1d00000)]
  0x000001f9f7b2c800 JavaThread "Sweeper thread" daemon [_thread_blocked, id=128, stack(0x0000006fc1d00000,0x0000006fc1e00000)]
  0x000001f9f7d70000 JavaThread "Common-Cleaner" daemon [_thread_blocked, id=13124, stack(0x0000006fc1e00000,0x0000006fc1f00000)]
  0x000001f9f7e09000 JavaThread "JDWP Transport Listener: dt_socket" daemon [_thread_blocked, id=9736, stack(0x0000006fc1f00000,0x0000006fc2000000)]
  0x000001f9f7e0c800 JavaThread "JDWP Event Helper Thread" daemon [_thread_blocked, id=6100, stack(0x0000006fc2000000,0x0000006fc2100000)]
  0x000001f9f7e0d800 JavaThread "JDWP Command Reader" daemon [_thread_in_native, id=2160, stack(0x0000006fc2100000,0x0000006fc2200000)]
  0x000001f9f8408000 JavaThread "Service Thread" daemon [_thread_blocked, id=10016, stack(0x0000006fc2200000,0x0000006fc2300000)]
  0x000001f9f8599000 JavaThread "RMI TCP Accept-0" daemon [_thread_in_native, id=7100, stack(0x0000006fc2400000,0x0000006fc2500000)]
  0x000001f9f8717000 JavaThread "RMI TCP Connection(1)-172.24.80.1" daemon [_thread_in_native, id=14116, stack(0x0000006fc2600000,0x0000006fc2700000)]
  0x000001f9f935c800 JavaThread "RMI Scheduler(0)" daemon [_thread_blocked, id=2468, stack(0x0000006fc2700000,0x0000006fc2800000)]
  0x000001f9f93d1800 JavaThread "RMI TCP Connection(2)-172.24.80.1" daemon [_thread_in_native, id=12356, stack(0x0000006fc2800000,0x0000006fc2900000)]
=>0x000001f9f93d7000 JavaThread "background-preinit" [_thread_in_Java, id=3472, stack(0x0000006fc2900000,0x0000006fc2a00000)]

Other Threads:
  0x000001f9f7aa0800 VMThread "VM Thread" [stack: 0x0000006fc1700000,0x0000006fc1800000] [id=16012]
  0x000001f9f85c4800 WatcherThread [stack: 0x0000006fc2500000,0x0000006fc2600000] [id=10028]
  0x000001f9db566800 GCTaskThread "GC Thread#0" [stack: 0x0000006fc1200000,0x0000006fc1300000] [id=7296]
  0x000001f9f8566000 GCTaskThread "GC Thread#1" [stack: 0x0000006fc2300000,0x0000006fc2400000] [id=9712]
  0x000001f9db57f000 ConcurrentGCThread "G1 Main Marker" [stack: 0x0000006fc1300000,0x0000006fc1400000] [id=8696]
  0x000001f9db581800 ConcurrentGCThread "G1 Conc#0" [stack: 0x0000006fc1400000,0x0000006fc1500000] [id=13308]
  0x000001f9db5c7000 ConcurrentGCThread "G1 Refine#0" [stack: 0x0000006fc1500000,0x0000006fc1600000] [id=8800]
  0x000001f9db5c8000 ConcurrentGCThread "G1 Young RemSet Sampling" [stack: 0x0000006fc1600000,0x0000006fc1700000] [id=3060]

Threads with active compile tasks:

VM state:not at safepoint (normal execution)

VM Mutex/Monitor currently owned by a thread: None

OutOfMemory and StackOverflow Exception counts:
OutOfMemoryError java_heap_errors=3
LinkageErrors=53

Heap address: 0x00000000c2000000, size: 992 MB, Compressed Oops mode: 32-bit
Narrow klass base: 0x0000000000000000, Narrow klass shift: 3
Compressed class space size: 1073741824 Address: 0x0000000100000000

Heap:
 garbage-first heap   total 63488K, used 29476K [0x00000000c2000000, 0x0000000100000000)
  region size 1024K, 24 young (24576K), 3 survivors (3072K)
 Metaspace       used 20477K, capacity 21238K, committed 21296K, reserved 1071104K
  class space    used 2359K, capacity 2655K, committed 2688K, reserved 1048576K
Heap Regions: E=young(eden), S=young(survivor), O=old, HS=humongous(starts), HC=humongous(continues), CS=collection set, F=free, A=archive, TAMS=top-at-mark-start (previous, next)
|   0|0x00000000c2000000, 0x00000000c2100000, 0x00000000c2100000|100%|HS|  |TAMS 0x00000000c2000000, 0x00000000c2000000| Complete 
|   1|0x00000000c2100000, 0x00000000c2200000, 0x00000000c2200000|100%| O|  |TAMS 0x00000000c2100000, 0x00000000c2100000| Untracked 
|   2|0x00000000c2200000, 0x00000000c2300000, 0x00000000c2300000|100%| O|  |TAMS 0x00000000c2200000, 0x00000000c2200000| Untracked 
|   3|0x00000000c2300000, 0x00000000c2400000, 0x00000000c2400000|100%| O|  |TAMS 0x00000000c2300000, 0x00000000c2300000| Untracked 
|   4|0x00000000c2400000, 0x00000000c2500000, 0x00000000c2500000|100%| O|  |TAMS 0x00000000c2400000, 0x00000000c2400000| Untracked 
|   5|0x00000000c2500000, 0x00000000c2600000, 0x00000000c2600000|100%| O|  |TAMS 0x00000000c2500000, 0x00000000c2500000| Untracked 
|   6|0x00000000c2600000, 0x00000000c2700000, 0x00000000c2700000|100%| O|  |TAMS 0x00000000c2600000, 0x00000000c2600000| Untracked 
|   7|0x00000000c2700000, 0x00000000c2791c00, 0x00000000c2800000| 56%| O|  |TAMS 0x00000000c2700000, 0x00000000c2700000| Untracked 
|   8|0x00000000c2800000, 0x00000000c2800000, 0x00000000c2900000|  0%| F|  |TAMS 0x00000000c2800000, 0x00000000c2800000| Untracked 
|   9|0x00000000c2900000, 0x00000000c2900000, 0x00000000c2a00000|  0%| F|  |TAMS 0x00000000c2900000, 0x00000000c2900000| Untracked 
|  10|0x00000000c2a00000, 0x00000000c2a00000, 0x00000000c2b00000|  0%| F|  |TAMS 0x00000000c2a00000, 0x00000000c2a00000| Untracked 
|  11|0x00000000c2b00000, 0x00000000c2b00000, 0x00000000c2c00000|  0%| F|  |TAMS 0x00000000c2b00000, 0x00000000c2b00000| Untracked 
|  12|0x00000000c2c00000, 0x00000000c2c00000, 0x00000000c2d00000|  0%| F|  |TAMS 0x00000000c2c00000, 0x00000000c2c00000| Untracked 
|  13|0x00000000c2d00000, 0x00000000c2d00000, 0x00000000c2e00000|  0%| F|  |TAMS 0x00000000c2d00000, 0x00000000c2d00000| Untracked 
|  14|0x00000000c2e00000, 0x00000000c2e00000, 0x00000000c2f00000|  0%| F|  |TAMS 0x00000000c2e00000, 0x00000000c2e00000| Untracked 
|  15|0x00000000c2f00000, 0x00000000c2f00000, 0x00000000c3000000|  0%| F|  |TAMS 0x00000000c2f00000, 0x00000000c2f00000| Untracked 
|  16|0x00000000c3000000, 0x00000000c3000000, 0x00000000c3100000|  0%| F|  |TAMS 0x00000000c3000000, 0x00000000c3000000| Untracked 
|  17|0x00000000c3100000, 0x00000000c3100000, 0x00000000c3200000|  0%| F|  |TAMS 0x00000000c3100000, 0x00000000c3100000| Untracked 
|  18|0x00000000c3200000, 0x00000000c3200000, 0x00000000c3300000|  0%| F|  |TAMS 0x00000000c3200000, 0x00000000c3200000| Untracked 
|  19|0x00000000c3300000, 0x00000000c3300000, 0x00000000c3400000|  0%| F|  |TAMS 0x00000000c3300000, 0x00000000c3300000| Untracked 
|  20|0x00000000c3400000, 0x00000000c3400000, 0x00000000c3500000|  0%| F|  |TAMS 0x00000000c3400000, 0x00000000c3400000| Untracked 
|  21|0x00000000c3500000, 0x00000000c3500000, 0x00000000c3600000|  0%| F|  |TAMS 0x00000000c3500000, 0x00000000c3500000| Untracked 
|  22|0x00000000c3600000, 0x00000000c3600000, 0x00000000c3700000|  0%| F|  |TAMS 0x00000000c3600000, 0x00000000c3600000| Untracked 
|  23|0x00000000c3700000, 0x00000000c3700000, 0x00000000c3800000|  0%| F|  |TAMS 0x00000000c3700000, 0x00000000c3700000| Untracked 
|  24|0x00000000c3800000, 0x00000000c3800000, 0x00000000c3900000|  0%| F|  |TAMS 0x00000000c3800000, 0x00000000c3800000| Untracked 
|  25|0x00000000c3900000, 0x00000000c3900000, 0x00000000c3a00000|  0%| F|  |TAMS 0x00000000c3900000, 0x00000000c3900000| Untracked 
|  26|0x00000000c3a00000, 0x00000000c3a00000, 0x00000000c3b00000|  0%| F|  |TAMS 0x00000000c3a00000, 0x00000000c3a00000| Untracked 
|  27|0x00000000c3b00000, 0x00000000c3b00000, 0x00000000c3c00000|  0%| F|  |TAMS 0x00000000c3b00000, 0x00000000c3b00000| Untracked 
|  28|0x00000000c3c00000, 0x00000000c3c00000, 0x00000000c3d00000|  0%| F|  |TAMS 0x00000000c3c00000, 0x00000000c3c00000| Untracked 
|  29|0x00000000c3d00000, 0x00000000c3d00000, 0x00000000c3e00000|  0%| F|  |TAMS 0x00000000c3d00000, 0x00000000c3d00000| Untracked 
|  30|0x00000000c3e00000, 0x00000000c3e00000, 0x00000000c3f00000|  0%| F|  |TAMS 0x00000000c3e00000, 0x00000000c3e00000| Untracked 
|  31|0x00000000c3f00000, 0x00000000c3f00000, 0x00000000c4000000|  0%| F|  |TAMS 0x00000000c3f00000, 0x00000000c3f00000| Untracked 
|  32|0x00000000c4000000, 0x00000000c4000000, 0x00000000c4100000|  0%| F|  |TAMS 0x00000000c4000000, 0x00000000c4000000| Untracked 
|  33|0x00000000c4100000, 0x00000000c4100000, 0x00000000c4200000|  0%| F|  |TAMS 0x00000000c4100000, 0x00000000c4100000| Untracked 
|  34|0x00000000c4200000, 0x00000000c4200000, 0x00000000c4300000|  0%| F|  |TAMS 0x00000000c4200000, 0x00000000c4200000| Untracked 
|  35|0x00000000c4300000, 0x00000000c4300000, 0x00000000c4400000|  0%| F|  |TAMS 0x00000000c4300000, 0x00000000c4300000| Untracked 
|  36|0x00000000c4400000, 0x00000000c4400000, 0x00000000c4500000|  0%| F|  |TAMS 0x00000000c4400000, 0x00000000c4400000| Untracked 
|  37|0x00000000c4500000, 0x00000000c4500000, 0x00000000c4600000|  0%| F|  |TAMS 0x00000000c4500000, 0x00000000c4500000| Untracked 
|  38|0x00000000c4600000, 0x00000000c46f0358, 0x00000000c4700000| 93%| E|  |TAMS 0x00000000c4600000, 0x00000000c4600000| Complete 
|  39|0x00000000c4700000, 0x00000000c4737590, 0x00000000c4800000| 21%| S|CS|TAMS 0x00000000c4700000, 0x00000000c4700000| Complete 
|  40|0x00000000c4800000, 0x00000000c4900000, 0x00000000c4900000|100%| S|CS|TAMS 0x00000000c4800000, 0x00000000c4800000| Complete 
|  41|0x00000000c4900000, 0x00000000c4a00000, 0x00000000c4a00000|100%| S|CS|TAMS 0x00000000c4900000, 0x00000000c4900000| Complete 
|  42|0x00000000c4a00000, 0x00000000c4b00000, 0x00000000c4b00000|100%| E|CS|TAMS 0x00000000c4a00000, 0x00000000c4a00000| Complete 
|  43|0x00000000c4b00000, 0x00000000c4c00000, 0x00000000c4c00000|100%| E|CS|TAMS 0x00000000c4b00000, 0x00000000c4b00000| Complete 
|  44|0x00000000c4c00000, 0x00000000c4d00000, 0x00000000c4d00000|100%| E|CS|TAMS 0x00000000c4c00000, 0x00000000c4c00000| Complete 
|  45|0x00000000c4d00000, 0x00000000c4e00000, 0x00000000c4e00000|100%| E|CS|TAMS 0x00000000c4d00000, 0x00000000c4d00000| Complete 
|  46|0x00000000c4e00000, 0x00000000c4f00000, 0x00000000c4f00000|100%| E|CS|TAMS 0x00000000c4e00000, 0x00000000c4e00000| Complete 
|  47|0x00000000c4f00000, 0x00000000c5000000, 0x00000000c5000000|100%| E|  |TAMS 0x00000000c4f00000, 0x00000000c4f00000| Complete 
|  48|0x00000000c5000000, 0x00000000c5100000, 0x00000000c5100000|100%| E|CS|TAMS 0x00000000c5000000, 0x00000000c5000000| Complete 
|  49|0x00000000c5100000, 0x00000000c5200000, 0x00000000c5200000|100%| E|CS|TAMS 0x00000000c5100000, 0x00000000c5100000| Complete 
|  50|0x00000000c5200000, 0x00000000c5300000, 0x00000000c5300000|100%| E|CS|TAMS 0x00000000c5200000, 0x00000000c5200000| Complete 
|  51|0x00000000c5300000, 0x00000000c5400000, 0x00000000c5400000|100%| E|CS|TAMS 0x00000000c5300000, 0x00000000c5300000| Complete 
|  52|0x00000000c5400000, 0x00000000c5500000, 0x00000000c5500000|100%| E|CS|TAMS 0x00000000c5400000, 0x00000000c5400000| Complete 
|  53|0x00000000c5500000, 0x00000000c5600000, 0x00000000c5600000|100%| E|CS|TAMS 0x00000000c5500000, 0x00000000c5500000| Complete 
|  54|0x00000000c5600000, 0x00000000c5700000, 0x00000000c5700000|100%| E|CS|TAMS 0x00000000c5600000, 0x00000000c5600000| Complete 
|  55|0x00000000c5700000, 0x00000000c5800000, 0x00000000c5800000|100%| E|CS|TAMS 0x00000000c5700000, 0x00000000c5700000| Complete 
|  56|0x00000000c5800000, 0x00000000c5900000, 0x00000000c5900000|100%| E|CS|TAMS 0x00000000c5800000, 0x00000000c5800000| Complete 
|  57|0x00000000c5900000, 0x00000000c5a00000, 0x00000000c5a00000|100%| E|CS|TAMS 0x00000000c5900000, 0x00000000c5900000| Complete 
|  58|0x00000000c5a00000, 0x00000000c5b00000, 0x00000000c5b00000|100%| E|CS|TAMS 0x00000000c5a00000, 0x00000000c5a00000| Complete 
|  59|0x00000000c5b00000, 0x00000000c5c00000, 0x00000000c5c00000|100%| E|CS|TAMS 0x00000000c5b00000, 0x00000000c5b00000| Complete 
|  60|0x00000000c5c00000, 0x00000000c5d00000, 0x00000000c5d00000|100%| E|CS|TAMS 0x00000000c5c00000, 0x00000000c5c00000| Complete 
|  61|0x00000000c5d00000, 0x00000000c5e00000, 0x00000000c5e00000|100%| E|CS|TAMS 0x00000000c5d00000, 0x00000000c5d00000| Complete 

Card table byte_map: [0x000001f9f2b40000,0x000001f9f2d30000] _byte_map_base: 0x000001f9f2530000

Marking Bits (Prev, Next): (CMBitMap*) 0x000001f9db57a698, (CMBitMap*) 0x000001f9db57a6d0
 Prev Bits: [0x000001f9f2f20000, 0x000001f9f3ea0000)
 Next Bits: [0x000001f9f3ea0000, 0x000001f9f4e20000)

Polling page: 0x000001f9d9440000

Metaspace:

Usage:
  Non-class:     18.15 MB capacity,    17.69 MB ( 98%) used,   387.92 KB (  2%) free+waste,    76.56 KB ( <1%) overhead. 
      Class:      2.59 MB capacity,     2.30 MB ( 89%) used,   257.09 KB ( 10%) free+waste,    38.69 KB (  1%) overhead. 
       Both:     20.74 MB capacity,    20.00 MB ( 96%) used,   645.02 KB (  3%) free+waste,   115.25 KB ( <1%) overhead. 

Virtual space:
  Non-class space:       22.00 MB reserved,      18.17 MB ( 83%) committed 
      Class space:        1.00 GB reserved,       2.63 MB ( <1%) committed 
             Both:        1.02 GB reserved,      20.80 MB (  2%) committed 

Chunk freelists:
   Non-Class:  128 bytes
       Class:  128 bytes
        Both:  256 bytes

CodeHeap 'non-profiled nmethods': size=238912Kb used=3135Kb max_used=3135Kb free=235776Kb
 bounds [0x000001f9e4000000, 0x000001f9e4310000, 0x000001f9f2950000]
CodeHeap 'non-nmethods': size=6848Kb used=1218Kb max_used=1218Kb free=5629Kb
 bounds [0x000001f9e3950000, 0x000001f9e3bc0000, 0x000001f9e4000000]
 total_blobs=2435 nmethods=1977 adapters=392
 compilation: disabled (not enough contiguous free space left)
              stopped_count=1, restarted_count=0
 full_count=1

Compilation events (10 events):
Event: 12.137 Thread 0x000001f9f7b29800 1969       1       java.lang.String::codePointAt (50 bytes)
Event: 12.139 Thread 0x000001f9f7b29800 nmethod 1969 0x000001f9e430ba90 code [0x000001f9e430bc60, 0x000001f9e430be90]
Event: 12.139 Thread 0x000001f9f7b29800 1970       1       java.security.PermissionCollection::isReadOnly (5 bytes)
Event: 12.139 Thread 0x000001f9f7b29800 nmethod 1970 0x000001f9e430c010 code [0x000001f9e430c1a0, 0x000001f9e430c2b8]
Event: 12.139 Thread 0x000001f9f7b29800 1965   !   1       java.lang.invoke.MethodHandles$Lookup::revealDirect (209 bytes)
Event: 12.141 Thread 0x000001f9f7b29800 nmethod 1965 0x000001f9e430c310 code [0x000001f9e430c5e0, 0x000001f9e430cf60]
Event: 12.141 Thread 0x000001f9f7b29800 1968       1       java.lang.invoke.AbstractValidatingLambdaMetafactory::isAdaptableToAsReturn (36 bytes)
Event: 12.141 Thread 0x000001f9f7b29800 nmethod 1968 0x000001f9e430d590 code [0x000001f9e430d740, 0x000001f9e430d930]
Event: 12.141 Thread 0x000001f9f7b29800 1966       1       java.lang.invoke.InfoFromMemberName::<init> (72 bytes)
Event: 12.141 Thread 0x000001f9f7b29800 nmethod 1966 0x000001f9e430da10 code [0x000001f9e430dba0, 0x000001f9e430dd18]

GC Heap History (6 events):
Event: 7.754 GC heap before
{Heap before GC invocations=0 (full 0):
 garbage-first heap   total 63488K, used 14336K [0x00000000c2000000, 0x0000000100000000)
  region size 1024K, 14 young (14336K), 0 survivors (0K)
 Metaspace       used 9637K, capacity 9896K, committed 10112K, reserved 1058816K
  class space    used 977K, capacity 1066K, committed 1152K, reserved 1048576K
}
Event: 7.775 GC heap after
{Heap after GC invocations=1 (full 0):
 garbage-first heap   total 63488K, used 7547K [0x00000000c2000000, 0x0000000100000000)
  region size 1024K, 2 young (2048K), 2 survivors (2048K)
 Metaspace       used 9637K, capacity 9896K, committed 10112K, reserved 1058816K
  class space    used 977K, capacity 1066K, committed 1152K, reserved 1048576K
}
Event: 10.519 GC heap before
{Heap before GC invocations=1 (full 0):
 garbage-first heap   total 63488K, used 13691K [0x00000000c2000000, 0x0000000100000000)
  region size 1024K, 9 young (9216K), 2 survivors (2048K)
 Metaspace       used 12978K, capacity 13323K, committed 13568K, reserved 1060864K
  class space    used 1329K, capacity 1441K, committed 1536K, reserved 1048576K
}
Event: 10.527 GC heap after
{Heap after GC invocations=2 (full 0):
 garbage-first heap   total 63488K, used 9096K [0x00000000c2000000, 0x0000000100000000)
  region size 1024K, 2 young (2048K), 2 survivors (2048K)
 Metaspace       used 12978K, capacity 13323K, committed 13568K, reserved 1060864K
  class space    used 1329K, capacity 1441K, committed 1536K, reserved 1048576K
}
Event: 11.331 GC heap before
{Heap before GC invocations=2 (full 0):
 garbage-first heap   total 63488K, used 27528K [0x00000000c2000000, 0x0000000100000000)
  region size 1024K, 20 young (20480K), 2 survivors (2048K)
 Metaspace       used 16868K, capacity 17458K, committed 17664K, reserved 1064960K
  class space    used 1825K, capacity 2020K, committed 2048K, reserved 1048576K
}
Event: 11.340 GC heap after
{Heap after GC invocations=3 (full 0):
 garbage-first heap   total 63488K, used 10020K [0x00000000c2000000, 0x0000000100000000)
  region size 1024K, 3 young (3072K), 3 survivors (3072K)
 Metaspace       used 16868K, capacity 17458K, committed 17664K, reserved 1064960K
  class space    used 1825K, capacity 2020K, committed 2048K, reserved 1048576K
}

Deoptimization events (0 events):
No events

Classes redefined (0 events):
No events

Internal exceptions (10 events):
Event: 11.893 Thread 0x000001f9db550000 Exception <a 'java/lang/NoSuchMethodError'{0x00000000c536e710}: java.lang.invoke.DirectMethodHandle$Holder.invokeStaticInit(Ljava/lang/Object;Ljava/lang/Object;)V> (0x00000000c536e710) thrown at [./open/src/hotspot/share/interpreter/linkResolver.cpp, line
Event: 11.899 Thread 0x000001f9db550000 Exception <a 'java/lang/NoSuchMethodError'{0x00000000c538dc50}: java.lang.invoke.DirectMethodHandle$Holder.invokeStaticInit(Ljava/lang/Object;Ljava/lang/Object;Ljava/lang/Object;)V> (0x00000000c538dc50) thrown at [./open/src/hotspot/share/interpreter/link
Event: 11.920 Thread 0x000001f9db550000 Exception <a 'java/lang/NoSuchMethodError'{0x00000000c5288e40}: java.lang.invoke.DirectMethodHandle$Holder.invokeVirtual(Ljava/lang/Object;Ljava/lang/Object;Ljava/lang/Object;Ljava/lang/Object;)V> (0x00000000c5288e40) thrown at [./open/src/hotspot/share/i
Event: 11.994 Thread 0x000001f9db550000 Exception <a 'java/lang/NoSuchMethodError'{0x00000000c51fb2d0}: java.lang.invoke.DirectMethodHandle$Holder.invokeSpecial(Ljava/lang/Object;Ljava/lang/Object;Ljava/lang/Object;Ljava/lang/Object;Ljava/lang/Object;)V> (0x00000000c51fb2d0) thrown at [./open/s
Event: 12.013 Thread 0x000001f9f93d1800 Exception <a 'java/lang/reflect/InvocationTargetException'{0x00000000c53e7730}> (0x00000000c53e7730) thrown at [./open/src/hotspot/share/runtime/reflection.cpp, line 1242]
Event: 12.023 Thread 0x000001f9f93d7000 Exception <a 'java/lang/NoClassDefFoundError'{0x00000000c509d730}: javax/validation/Validation> (0x00000000c509d730) thrown at [./open/src/hotspot/share/classfile/systemDictionary.cpp, line 217]
Event: 12.073 Thread 0x000001f9f93d7000 Exception <a 'java/lang/NoSuchMethodError'{0x00000000c4c01600}: java.lang.invoke.DirectMethodHandle$Holder.invokeStaticInit(Ljava/lang/Object;Ljava/lang/Object;Ljava/lang/Object;Ljava/lang/Object;Ljava/lang/Object;)Ljava/lang/Object;> (0x00000000c4c01600)
Event: 12.101 Thread 0x000001f9f93d7000 Exception <a 'java/lang/NoSuchMethodError'{0x00000000c4b04868}: java.lang.invoke.DirectMethodHandle$Holder.invokeSpecial(Ljava/lang/Object;Ljava/lang/Object;IILjava/lang/Object;Ljava/lang/Object;Ljava/lang/Object;)Ljava/lang/Object;> (0x00000000c4b04868) 
Event: 12.101 Thread 0x000001f9f93d7000 Exception <a 'java/lang/NoSuchMethodError'{0x00000000c4b07df0}: java.lang.invoke.DelegatingMethodHandle$Holder.reinvoke_L(Ljava/lang/Object;IILjava/lang/Object;Ljava/lang/Object;Ljava/lang/Object;)Ljava/lang/Object;> (0x00000000c4b07df0) thrown at [./open
Event: 12.158 Thread 0x000001f9f93d7000 Exception <a 'java/lang/OutOfMemoryError'{0x00000000c4699d18}> (0x00000000c4699d18) thrown at [./open/src/hotspot/share/prims/jni.cpp, line 632]

Events (10 events):
Event: 12.149 loading class com/fasterxml/jackson/databind/introspect/JacksonAnnotationIntrospector done
Event: 12.150 loading class org/springframework/beans/factory/support/AbstractBeanDefinition
Event: 12.150 loading class org/springframework/beans/factory/support/AbstractBeanDefinition done
Event: 12.158 loading class com/fasterxml/jackson/databind/AnnotationIntrospector
Event: 12.158 loading class com/fasterxml/jackson/databind/AnnotationIntrospector done
Event: 12.158 Thread 0x000001f9f93d7000 DEOPT PACKING pc=0x000001f9e4245e94 sp=0x0000006fc29fc5a0
Event: 12.159 loading class org/springframework/beans/factory/config/BeanDefinition
Event: 12.159 loading class org/springframework/beans/factory/config/BeanDefinition done
Event: 12.159 loading class org/springframework/core/AttributeAccessor
Event: 12.159 loading class org/springframework/core/AttributeAccessor done


Dynamic libraries:
0x00007ff61e6c0000 - 0x00007ff61e6cf000 	C:\Program Files\Java\jdk-11.0.8\bin\java.exe
0x00007ffcdb9d0000 - 0x00007ffcdbbc6000 	C:\WINDOWS\SYSTEM32\ntdll.dll
0x00007ffcda230000 - 0x00007ffcda2ed000 	C:\WINDOWS\System32\KERNEL32.DLL
0x00007ffcd9290000 - 0x00007ffcd9559000 	C:\WINDOWS\System32\KERNELBASE.dll
0x00007ffcd9190000 - 0x00007ffcd9290000 	C:\WINDOWS\System32\ucrtbase.dll
0x00007ffcc8930000 - 0x00007ffcc8948000 	C:\Program Files\Java\jdk-11.0.8\bin\jli.dll
0x00007ffcc8910000 - 0x00007ffcc8925000 	C:\Program Files\Java\jdk-11.0.8\bin\VCRUNTIME140.dll
0x00007ffcd9a30000 - 0x00007ffcd9adc000 	C:\WINDOWS\System32\ADVAPI32.dll
0x00007ffcd9e60000 - 0x00007ffcd9efe000 	C:\WINDOWS\System32\msvcrt.dll
0x00007ffcdb7b0000 - 0x00007ffcdb84c000 	C:\WINDOWS\System32\sechost.dll
0x00007ffcda800000 - 0x00007ffcda92b000 	C:\WINDOWS\System32\RPCRT4.dll
0x00007ffcda090000 - 0x00007ffcda230000 	C:\WINDOWS\System32\USER32.dll
0x00007ffcd9860000 - 0x00007ffcd9882000 	C:\WINDOWS\System32\win32u.dll
0x00007ffcda060000 - 0x00007ffcda08a000 	C:\WINDOWS\System32\GDI32.dll
0x00007ffcd98c0000 - 0x00007ffcd99cb000 	C:\WINDOWS\System32\gdi32full.dll
0x00007ffcd95b0000 - 0x00007ffcd964d000 	C:\WINDOWS\System32\msvcp_win.dll
0x00007ffcc7440000 - 0x00007ffcc76db000 	C:\WINDOWS\WinSxS\amd64_microsoft.windows.common-controls_6595b64144ccf1df_6.0.19041.746_none_ca02b4b61b8320a4\COMCTL32.dll
0x00007ffcce030000 - 0x00007ffcce03a000 	C:\WINDOWS\SYSTEM32\VERSION.dll
0x00007ffcd9f00000 - 0x00007ffcd9f30000 	C:\WINDOWS\System32\IMM32.DLL
0x00007ffcc8870000 - 0x00007ffcc890b000 	C:\Program Files\Java\jdk-11.0.8\bin\msvcp140.dll
0x00007ffc6c400000 - 0x00007ffc6cee6000 	C:\Program Files\Java\jdk-11.0.8\bin\server\jvm.dll
0x00007ffcd9e50000 - 0x00007ffcd9e58000 	C:\WINDOWS\System32\PSAPI.DLL
0x00007ffccc340000 - 0x00007ffccc349000 	C:\WINDOWS\SYSTEM32\WSOCK32.dll
0x00007ffccd380000 - 0x00007ffccd3a7000 	C:\WINDOWS\SYSTEM32\WINMM.dll
0x00007ffcdb920000 - 0x00007ffcdb98b000 	C:\WINDOWS\System32\WS2_32.dll
0x00007ffcd79e0000 - 0x00007ffcd79f2000 	C:\WINDOWS\SYSTEM32\kernel.appcore.dll
0x00007ffcd13a0000 - 0x00007ffcd13b0000 	C:\Program Files\Java\jdk-11.0.8\bin\verify.dll
0x00007ffcd76a0000 - 0x00007ffcd7884000 	C:\WINDOWS\SYSTEM32\DBGHELP.DLL
0x00007ffcced90000 - 0x00007ffccedbc000 	C:\WINDOWS\SYSTEM32\dbgcore.DLL
0x00007ffcd9110000 - 0x00007ffcd9190000 	C:\WINDOWS\System32\bcryptPrimitives.dll
0x00007ffcc8840000 - 0x00007ffcc8868000 	C:\Program Files\Java\jdk-11.0.8\bin\java.dll
0x00007ffcc8830000 - 0x00007ffcc883a000 	C:\Program Files\Java\jdk-11.0.8\bin\jimage.dll
0x00007ffcc87c0000 - 0x00007ffcc87f8000 	C:\Program Files\Java\jdk-11.0.8\bin\jdwp.dll
0x00007ffcc87b0000 - 0x00007ffcc87be000 	C:\Program Files\Java\jdk-11.0.8\bin\instrument.dll
0x00007ffcc8810000 - 0x00007ffcc8826000 	C:\Program Files\Java\jdk-11.0.8\bin\zip.dll
0x00007ffcdab80000 - 0x00007ffcdb2c3000 	C:\WINDOWS\System32\SHELL32.dll
0x00007ffcd6e40000 - 0x00007ffcd75cf000 	C:\WINDOWS\SYSTEM32\windows.storage.dll
0x00007ffcd9af0000 - 0x00007ffcd9e46000 	C:\WINDOWS\System32\combase.dll
0x00007ffcd8aa0000 - 0x00007ffcd8acc000 	C:\WINDOWS\SYSTEM32\Wldp.dll
0x00007ffcdb490000 - 0x00007ffcdb53e000 	C:\WINDOWS\System32\SHCORE.dll
0x00007ffcdb6f0000 - 0x00007ffcdb745000 	C:\WINDOWS\System32\shlwapi.dll
0x00007ffcd9040000 - 0x00007ffcd9066000 	C:\WINDOWS\SYSTEM32\profapi.dll
0x00007ffcc7a20000 - 0x00007ffcc7a2a000 	C:\Program Files\Java\jdk-11.0.8\bin\dt_socket.dll
0x00007ffcd8890000 - 0x00007ffcd88fa000 	C:\WINDOWS\system32\mswsock.dll
0x00007ffcb8c70000 - 0x00007ffcb8c89000 	C:\Program Files\Java\jdk-11.0.8\bin\net.dll
0x00007ffcd0740000 - 0x00007ffcd0840000 	C:\WINDOWS\SYSTEM32\WINHTTP.dll
0x00007ffcb8630000 - 0x00007ffcb8642000 	C:\Program Files\Java\jdk-11.0.8\bin\nio.dll
0x00007ffcd85a0000 - 0x00007ffcd866b000 	C:\WINDOWS\SYSTEM32\DNSAPI.dll
0x00007ffcd8550000 - 0x00007ffcd858b000 	C:\WINDOWS\SYSTEM32\IPHLPAPI.DLL
0x00007ffcda2f0000 - 0x00007ffcda2f8000 	C:\WINDOWS\System32\NSI.dll
0x00007ffcced80000 - 0x00007ffcced8a000 	C:\Windows\System32\rasadhlp.dll
0x00007ffcceff0000 - 0x00007ffccf06f000 	C:\WINDOWS\System32\fwpuclnt.dll
0x00007ffcd9890000 - 0x00007ffcd98b7000 	C:\WINDOWS\System32\bcrypt.dll
0x00007ffcc5690000 - 0x00007ffcc5699000 	C:\Program Files\Java\jdk-11.0.8\bin\management.dll
0x00007ffcc3f00000 - 0x00007ffcc3f0b000 	C:\Program Files\Java\jdk-11.0.8\bin\management_ext.dll
0x00007ffcd8ae0000 - 0x00007ffcd8af8000 	C:\WINDOWS\SYSTEM32\CRYPTSP.dll
0x00007ffcd81e0000 - 0x00007ffcd8214000 	C:\WINDOWS\system32\rsaenh.dll
0x00007ffcd9000000 - 0x00007ffcd902e000 	C:\WINDOWS\SYSTEM32\USERENV.dll
0x00007ffcd8a10000 - 0x00007ffcd8a1c000 	C:\WINDOWS\SYSTEM32\CRYPTBASE.dll
0x00007ffcd2930000 - 0x00007ffcd2947000 	C:\WINDOWS\SYSTEM32\dhcpcsvc6.DLL
0x00007ffcd28a0000 - 0x00007ffcd28bd000 	C:\WINDOWS\SYSTEM32\dhcpcsvc.DLL
0x00007ffcb35b0000 - 0x00007ffcb35c7000 	C:\WINDOWS\system32\napinsp.dll
0x00007ffcb3540000 - 0x00007ffcb355b000 	C:\WINDOWS\system32\pnrpnsp.dll
0x00007ffcb3420000 - 0x00007ffcb3435000 	C:\WINDOWS\system32\wshbth.dll
0x00007ffcd3170000 - 0x00007ffcd318d000 	C:\WINDOWS\system32\NLAapi.dll
0x00007ffcb33e0000 - 0x00007ffcb33f2000 	C:\WINDOWS\System32\winrnr.dll

dbghelp: loaded successfully - version: 4.0.5 - missing functions: none
symbol engine: initialized successfully - sym options: 0x614 - pdb path: (cannot be retrieved)

VM Arguments:
jvm_args: -agentlib:jdwp=transport=dt_socket,address=127.0.0.1:56168,suspend=y,server=n -XX:TieredStopAtLevel=1 -Xverify:none -Dspring.output.ansi.enabled=always -Dcom.sun.management.jmxremote -Dspring.jmx.enabled=true -Dspring.liveBeansView.mbeanDomain -Dspring.application.admin.enabled=true -javaagent:C:\Users\Dell\AppData\Local\JetBrains\IntelliJIdea2020.2\captureAgent\debugger-agent.jar -Dfile.encoding=UTF-8 
java_command: mk.ukim.finki.finkiqa.FinkiqaApplication
java_class_path (initial): D:\IdeaProjects\finkiqa\target\classes;C:\Users\Dell\.m2\repository\org\springframework\boot\spring-boot-starter-thymeleaf\2.4.3\spring-boot-starter-thymeleaf-2.4.3.jar;C:\Users\Dell\.m2\repository\org\springframework\boot\spring-boot-starter\2.4.3\spring-boot-starter-2.4.3.jar;C:\Users\Dell\.m2\repository\org\springframework\boot\spring-boot\2.4.3\spring-boot-2.4.3.jar;C:\Users\Dell\.m2\repository\org\springframework\boot\spring-boot-autoconfigure\2.4.3\spring-boot-autoconfigure-2.4.3.jar;C:\Users\Dell\.m2\repository\org\springframework\boot\spring-boot-starter-logging\2.4.3\spring-boot-starter-logging-2.4.3.jar;C:\Users\Dell\.m2\repository\ch\qos\logback\logback-classic\1.2.3\logback-classic-1.2.3.jar;C:\Users\Dell\.m2\repository\ch\qos\logback\logback-core\1.2.3\logback-core-1.2.3.jar;C:\Users\Dell\.m2\repository\org\apache\logging\log4j\log4j-to-slf4j\2.13.3\log4j-to-slf4j-2.13.3.jar;C:\Users\Dell\.m2\repository\org\apache\logging\log4j\log4j-api\2.13.3\log4j-api-2.13.3.jar;C:\Users\Dell\.m2\repository\org\slf4j\jul-to-slf4j\1.7.30\jul-to-slf4j-1.7.30.jar;C:\Users\Dell\.m2\repository\jakarta\annotation\jakarta.annotation-api\1.3.5\jakarta.annotation-api-1.3.5.jar;C:\Users\Dell\.m2\repository\org\yaml\snakeyaml\1.27\snakeyaml-1.27.jar;C:\Users\Dell\.m2\repository\org\thymeleaf\thymeleaf-spring5\3.0.12.RELEASE\thymeleaf-spring5-3.0.12.RELEASE.jar;C:\Users\Dell\.m2\repository\org\thymeleaf\thymeleaf\3.0.12.RELEASE\thymeleaf-3.0.12.RELEASE.jar;C:\Users\Dell\.m2\repository\org\attoparser\attoparser\2.0.5.RELEASE\attoparser-2.0.5.RELEASE.jar;C:\Users\Dell\.m2\repository\org\unbescape\unbescape\1.1.6.RELEASE\unbescape-1.1.6.RELEASE.jar;C:\Users\Dell\.m2\repository\org\thymeleaf\extras\thymeleaf-extras-java8time\3.0.4.RELEASE\thymeleaf-extras-java8time-3.0.4.RELEASE.jar;C:\Users\Dell\.m2\repository\org\springframework\boot\spring-boot-starter-web\2.4.3\spring-boot-starter-web-2.4.3.jar;C:\Users\Dell\.m2\repository\org\springframework\boot\sp
Launcher Type: SUN_STANDARD

[Global flags]
     bool UseCompressedOops                        = true                                 {lp64_product} {ergonomic}
     bool UseCompressedClassPointers               = true                                 {lp64_product} {ergonomic}
     bool UseLargePagesIndividualAllocation        = false                                  {pd product} {ergonomic}
     bool BytecodeVerificationRemote               = false                                     {product} {command line}
     bool BytecodeVerificationLocal                = false                                     {product} {command line}
     intx CICompilerCount                          = 3                                         {product} {ergonomic}
   size_t MinHeapDeltaBytes                        = 1048576                                   {product} {ergonomic}
     bool SegmentedCodeCache                       = true                                      {product} {ergonomic}
    uintx ReservedCodeCacheSize                    = 251658240                              {pd product} {ergonomic}
    uintx NonProfiledCodeHeapSize                  = 244685212                              {pd product} {ergonomic}
    uintx ProfiledCodeHeapSize                     = 0                                      {pd product} {ergonomic}
    uintx NonNMethodCodeHeapSize                   = 6973028                                {pd product} {ergonomic}
     intx TieredStopAtLevel                        = 1                                         {product} {command line}
     bool ManagementServer                         = true                                      {product} {command line}
   size_t G1HeapRegionSize                         = 1048576                                   {product} {ergonomic}
     uint G1ConcRefinementThreads                  = 4                                         {product} {ergonomic}
     bool UseG1GC                                  = true                                      {product} {ergonomic}
     uint ConcGCThreads                            = 1                                         {product} {ergonomic}
   size_t MarkStackSize                            = 4194304                                   {product} {ergonomic}
   size_t InitialHeapSize                          = 65011712                                  {product} {ergonomic}
   size_t MaxHeapSize                              = 1040187392                                {product} {ergonomic}
   size_t MaxNewSize                               = 623902720                                 {product} {ergonomic}
    uintx GCDrainStackTargetSize                   = 64                                        {product} {ergonomic}

Logging:
Log output configuration:
 #0: stdout all=warning uptime,level,tags
 #1: stderr all=off uptime,level,tags

Environment Variables:
JAVA_HOME=C:\Program Files\Java\jdk-11.0.8
PATH=C:\Program Files\Common Files\Oracle\Java\javapath_target_187577312;C:\Program Files\Java\jdk-11.0.8\bin;C:\Windows\System32;C:\Windows;C:\Windows\System32\Wbem;C:\Windows\System32\WindowsPowerShell\v1.0\;C:\Users\Dell\AppData\Local\Microsoft\WindowsApps;C:\Users\Dell\AppData\Local\Programs\Microsoft VS Code\bin;C:\Program Files\heroku\bin;C:\Users\Dell\AppData\Roaming\npm;C:\ProgramData\Microsoft\Windows\Start Menu\Programs\Node.js;C:\Program Files (x86)\Common Files\Oracle\Java\javapath;C:\Users\Dell\Documents\Visual Studio 2017\Backup Files\primerProektnaKI\env\Scripts\;C:\Program Files\nodejs\;C:\Users\Dell\AppData\Local\Android\Sdk;C:\Users\Dell\AppData\Local\Android\Sdk\platform-tools;C:\Users\Dell\Documents\Visual Studio 2017\Backup Files\primerProektnaKI\env\Lib\site-packages\;C:\Program Files\dotnet\;C:\Program Files\Microsoft SQL Server\130\Tools\Binn\;C:\Program Files\Microsoft SQL Server\Client SDK\ODBC\170\Tools\Binn\;C:\Program Files (x86)\Microsoft SQL Server\150\Tools\Binn\;C:\Program Files\Microsoft SQL Server\150\Tools\Binn\;C:\Program Files\Microsoft SQL Server\150\DTS\Binn\;C:\Program Files (x86)\Microsoft SQL Server\150\DTS\Binn\;C:\Program Files\PuTTY\;C:\cygwin64\bin;C:\Program Files\Docker\Docker\resources\bin;C:\ProgramData\DockerDesktop\version-bin;D:\PHP7;C:\Program Files\Python\Python38\lib\site-packages;C:\Program Files\Python\Python38\Scripts;D:\Program Files\PostgreSQL\13\bin;D:\Program Files\PostgreSQL\13\lib;C:\WINDOWS\system32;C:\WINDOWS;C:\WINDOWS\System32\Wbem;C:\WINDOWS\System32\WindowsPowerShell\v1.0\;C:\WINDOWS\System32\OpenSSH\;C:\ProgramData\ComposerSetup\bin;D:\mysql-8.0.22-winx64\bin;D:\mysql-8.0.22-winx64\lib;C:\Users\Dell\Downloads\lein.bat;C:\Program Files (x86)\dotnet\;C:\Users\Dell\AppData\Local\Programs\Python\Python38\Scripts\;C:\Users\Dell\AppData\Local\Programs\Python\Python38\;C:\Program Files\Python\Python38\Scripts\;C:\Program Files\Python\Python38\;C:\Users\Dell\scoop\shims;C:\Users\Dell\AppData\Local\Microso
USERNAME=Dell
OS=Windows_NT
PROCESSOR_IDENTIFIER=Intel64 Family 6 Model 142 Stepping 9, GenuineIntel



---------------  S Y S T E M  ---------------

OS: Windows 10 , 64 bit Build 19041 (10.0.19041.662)
HyperV virtualization detected

CPU:total 4 (initial active 4) (2 cores per cpu, 2 threads per core) family 6 model 142 stepping 9, cmov, cx8, fxsr, mmx, sse, sse2, sse3, ssse3, sse4.1, sse4.2, popcnt, avx, avx2, aes, clmul, erms, 3dnowpref, lzcnt, ht, tsc, tscinvbit, bmi1, bmi2, adx, fma

Memory: 4k page, system-wide physical 3965M (302M free)
TotalPageFile size 16253M (AvailPageFile size 0M)
current process WorkingSet (physical memory assigned to process): 90M, peak: 90M
current process commit charge ("private bytes"): 156M, peak: 156M

vm_info: Java HotSpot(TM) 64-Bit Server VM (11.0.8+10-LTS) for windows-amd64 JRE (11.0.8+10-LTS), built on Jun 16 2020 05:53:08 by "mach5one" with unknown MS VC++:1916

END.
